<?xml version="1.0" encoding="UTF-8"?>
<checkstyle version="10.17.0">
<file name="C:\Code_Files\stock_alert_notif\src\main\java\edu\gmu\cs321\Alert.java">
<error line="3" severity="error" message="Trailing whitespace found." source="com.puppycrawl.tools.checkstyle.checks.regexp.RegexpSinglelineCheck"/>
<error line="13" severity="error" message="Trailing whitespace found." source="com.puppycrawl.tools.checkstyle.checks.regexp.RegexpSinglelineCheck"/>
<error line="13" severity="error" message="Line is longer than 120 characters (found 126)." source="com.puppycrawl.tools.checkstyle.checks.sizes.LineLengthCheck"/>
<error line="24" severity="error" message="Trailing whitespace found." source="com.puppycrawl.tools.checkstyle.checks.regexp.RegexpSinglelineCheck"/>
<error line="26" column="9" severity="error" message="&apos;if&apos; construct must use &apos;{}&apos;s." source="com.puppycrawl.tools.checkstyle.checks.blocks.NeedBracesCheck"/>
<error line="27" column="16" severity="error" message="Variable &apos;c&apos; should be declared final." source="com.puppycrawl.tools.checkstyle.checks.coding.FinalLocalVariableCheck"/>
<error line="40" severity="error" message="Trailing whitespace found." source="com.puppycrawl.tools.checkstyle.checks.regexp.RegexpSinglelineCheck"/>
<error line="45" column="37" severity="error" message="Variable &apos;targetState&apos; should be declared final." source="com.puppycrawl.tools.checkstyle.checks.coding.FinalLocalVariableCheck"/>
<error line="69" severity="error" message="Trailing whitespace found." source="com.puppycrawl.tools.checkstyle.checks.regexp.RegexpSinglelineCheck"/>
</file>
<file name="C:\Code_Files\stock_alert_notif\src\main\java\edu\gmu\cs321\AlertCreationScreen.java">
<error line="39" column="33" severity="error" message="Variable &apos;is&apos; should be declared final." source="com.puppycrawl.tools.checkstyle.checks.coding.FinalLocalVariableCheck"/>
<error line="40" column="28" severity="error" message="Variable &apos;requestBody&apos; should be declared final." source="com.puppycrawl.tools.checkstyle.checks.coding.FinalLocalVariableCheck"/>
<error line="41" column="32" severity="error" message="Variable &apos;json&apos; should be declared final." source="com.puppycrawl.tools.checkstyle.checks.coding.FinalLocalVariableCheck"/>
<error line="44" column="28" severity="error" message="Variable &apos;alertId&apos; should be declared final." source="com.puppycrawl.tools.checkstyle.checks.coding.FinalLocalVariableCheck"/>
<error line="45" column="27" severity="error" message="Variable &apos;alert&apos; should be declared final." source="com.puppycrawl.tools.checkstyle.checks.coding.FinalLocalVariableCheck"/>
<error line="58" column="32" severity="error" message="Variable &apos;response&apos; should be declared final." source="com.puppycrawl.tools.checkstyle.checks.coding.FinalLocalVariableCheck"/>
<error line="66" column="28" severity="error" message="Variable &apos;responseBody&apos; should be declared final." source="com.puppycrawl.tools.checkstyle.checks.coding.FinalLocalVariableCheck"/>
<error line="69" severity="error" message="Trailing whitespace found." source="com.puppycrawl.tools.checkstyle.checks.regexp.RegexpSinglelineCheck"/>
<error line="74" column="28" severity="error" message="Variable &apos;error&apos; should be declared final." source="com.puppycrawl.tools.checkstyle.checks.coding.FinalLocalVariableCheck"/>
<error line="93" column="28" severity="error" message="Variable &apos;path&apos; should be declared final." source="com.puppycrawl.tools.checkstyle.checks.coding.FinalLocalVariableCheck"/>
<error line="94" column="28" severity="error" message="Variable &apos;ticker&apos; should be declared final." source="com.puppycrawl.tools.checkstyle.checks.coding.FinalLocalVariableCheck"/>
<error line="97" column="28" severity="error" message="Variable &apos;currentPrice&apos; should be declared final." source="com.puppycrawl.tools.checkstyle.checks.coding.FinalLocalVariableCheck"/>
<error line="100" column="32" severity="error" message="Variable &apos;response&apos; should be declared final." source="com.puppycrawl.tools.checkstyle.checks.coding.FinalLocalVariableCheck"/>
<error line="104" column="28" severity="error" message="Variable &apos;responseBody&apos; should be declared final." source="com.puppycrawl.tools.checkstyle.checks.coding.FinalLocalVariableCheck"/>
<error line="107" severity="error" message="Trailing whitespace found." source="com.puppycrawl.tools.checkstyle.checks.regexp.RegexpSinglelineCheck"/>
<error line="112" column="28" severity="error" message="Variable &apos;error&apos; should be declared final." source="com.puppycrawl.tools.checkstyle.checks.coding.FinalLocalVariableCheck"/>
</file>
<file name="C:\Code_Files\stock_alert_notif\src\main\java\edu\gmu\cs321\AlertDAO.java">
</file>
<file name="C:\Code_Files\stock_alert_notif\src\main\java\edu\gmu\cs321\AlertDaoImpl.java">
<error line="24" severity="error" message="Line is longer than 120 characters (found 122)." source="com.puppycrawl.tools.checkstyle.checks.sizes.LineLengthCheck"/>
</file>
<file name="C:\Code_Files\stock_alert_notif\src\main\java\edu\gmu\cs321\AlertForm.java">
<error line="6" severity="error" message="Trailing whitespace found." source="com.puppycrawl.tools.checkstyle.checks.regexp.RegexpSinglelineCheck"/>
<error line="13" severity="error" message="Trailing whitespace found." source="com.puppycrawl.tools.checkstyle.checks.regexp.RegexpSinglelineCheck"/>
<error line="19" severity="error" message="Trailing whitespace found." source="com.puppycrawl.tools.checkstyle.checks.regexp.RegexpSinglelineCheck"/>
<error line="19" column="9" severity="error" message="&apos;if&apos; construct must use &apos;{}&apos;s." source="com.puppycrawl.tools.checkstyle.checks.blocks.NeedBracesCheck"/>
<error line="33" severity="error" message="Trailing whitespace found." source="com.puppycrawl.tools.checkstyle.checks.regexp.RegexpSinglelineCheck"/>
</file>
<file name="C:\Code_Files\stock_alert_notif\src\main\java\edu\gmu\cs321\AlertJdbcDAO.java">
<error line="30" column="9" severity="error" message="&apos;if&apos; construct must use &apos;{}&apos;s." source="com.puppycrawl.tools.checkstyle.checks.blocks.NeedBracesCheck"/>
<error line="36" column="21" severity="error" message="Variable &apos;out&apos; should be declared final." source="com.puppycrawl.tools.checkstyle.checks.coding.FinalLocalVariableCheck"/>
<error line="37" severity="error" message="Line is longer than 120 characters (found 136)." source="com.puppycrawl.tools.checkstyle.checks.sizes.LineLengthCheck"/>
<error line="37" column="16" severity="error" message="Variable &apos;sql&apos; should be declared final." source="com.puppycrawl.tools.checkstyle.checks.coding.FinalLocalVariableCheck"/>
<error line="40" column="23" severity="error" message="Variable &apos;a&apos; should be declared final." source="com.puppycrawl.tools.checkstyle.checks.coding.FinalLocalVariableCheck"/>
<error line="58" severity="error" message="Line is longer than 120 characters (found 133)." source="com.puppycrawl.tools.checkstyle.checks.sizes.LineLengthCheck"/>
<error line="58" column="16" severity="error" message="Variable &apos;sql&apos; should be declared final." source="com.puppycrawl.tools.checkstyle.checks.coding.FinalLocalVariableCheck"/>
<error line="74" severity="error" message="Line is longer than 120 characters (found 128)." source="com.puppycrawl.tools.checkstyle.checks.sizes.LineLengthCheck"/>
<error line="74" column="16" severity="error" message="Variable &apos;sql&apos; should be declared final." source="com.puppycrawl.tools.checkstyle.checks.coding.FinalLocalVariableCheck"/>
<error line="95" severity="error" message="Line is longer than 120 characters (found 131)." source="com.puppycrawl.tools.checkstyle.checks.sizes.LineLengthCheck"/>
<error line="95" column="16" severity="error" message="Variable &apos;sql&apos; should be declared final." source="com.puppycrawl.tools.checkstyle.checks.coding.FinalLocalVariableCheck"/>
<error line="114" column="21" severity="error" message="Variable &apos;out&apos; should be declared final." source="com.puppycrawl.tools.checkstyle.checks.coding.FinalLocalVariableCheck"/>
<error line="115" severity="error" message="Line is longer than 120 characters (found 129)." source="com.puppycrawl.tools.checkstyle.checks.sizes.LineLengthCheck"/>
<error line="115" column="16" severity="error" message="Variable &apos;sql&apos; should be declared final." source="com.puppycrawl.tools.checkstyle.checks.coding.FinalLocalVariableCheck"/>
<error line="134" column="16" severity="error" message="Variable &apos;sql&apos; should be declared final." source="com.puppycrawl.tools.checkstyle.checks.coding.FinalLocalVariableCheck"/>
<error line="146" column="16" severity="error" message="Variable &apos;sql&apos; should be declared final." source="com.puppycrawl.tools.checkstyle.checks.coding.FinalLocalVariableCheck"/>
<error line="157" column="21" severity="error" message="Variable &apos;out&apos; should be declared final." source="com.puppycrawl.tools.checkstyle.checks.coding.FinalLocalVariableCheck"/>
<error line="158" column="16" severity="error" message="Variable &apos;sql&apos; should be declared final." source="com.puppycrawl.tools.checkstyle.checks.coding.FinalLocalVariableCheck"/>
<error line="161" severity="error" message="Line is longer than 120 characters (found 137)." source="com.puppycrawl.tools.checkstyle.checks.sizes.LineLengthCheck"/>
</file>
<file name="C:\Code_Files\stock_alert_notif\src\main\java\edu\gmu\cs321\AlertManager.java">
<error line="19" severity="error" message="Trailing whitespace found." source="com.puppycrawl.tools.checkstyle.checks.regexp.RegexpSinglelineCheck"/>
<error line="42" severity="error" message="Line is longer than 120 characters (found 150)." source="com.puppycrawl.tools.checkstyle.checks.sizes.LineLengthCheck"/>
<error line="46" severity="error" message="Trailing whitespace found." source="com.puppycrawl.tools.checkstyle.checks.regexp.RegexpSinglelineCheck"/>
<error line="47" severity="error" message="Line is longer than 120 characters (found 185)." source="com.puppycrawl.tools.checkstyle.checks.sizes.LineLengthCheck"/>
<error line="57" column="9" severity="error" message="&apos;if&apos; construct must use &apos;{}&apos;s." source="com.puppycrawl.tools.checkstyle.checks.blocks.NeedBracesCheck"/>
<error line="58" column="17" severity="error" message="Variable &apos;wasRunning&apos; should be declared final." source="com.puppycrawl.tools.checkstyle.checks.coding.FinalLocalVariableCheck"/>
<error line="59" column="9" severity="error" message="&apos;if&apos; construct must use &apos;{}&apos;s." source="com.puppycrawl.tools.checkstyle.checks.blocks.NeedBracesCheck"/>
<error line="61" column="9" severity="error" message="&apos;if&apos; construct must use &apos;{}&apos;s." source="com.puppycrawl.tools.checkstyle.checks.blocks.NeedBracesCheck"/>
<error line="73" column="9" severity="error" message="&apos;if&apos; construct must use &apos;{}&apos;s." source="com.puppycrawl.tools.checkstyle.checks.blocks.NeedBracesCheck"/>
<error line="101" column="9" severity="error" message="&apos;if&apos; construct must use &apos;{}&apos;s." source="com.puppycrawl.tools.checkstyle.checks.blocks.NeedBracesCheck"/>
<error line="135" column="21" severity="error" message="Variable &apos;loaded&apos; should be declared final." source="com.puppycrawl.tools.checkstyle.checks.coding.FinalLocalVariableCheck"/>
<error line="136" column="9" severity="error" message="&apos;if&apos; construct must use &apos;{}&apos;s." source="com.puppycrawl.tools.checkstyle.checks.blocks.NeedBracesCheck"/>
<error line="148" column="21" severity="error" message="Variable &apos;snapshot&apos; should be declared final." source="com.puppycrawl.tools.checkstyle.checks.coding.FinalLocalVariableCheck"/>
<error line="151" column="20" severity="error" message="Variable &apos;price&apos; should be declared final." source="com.puppycrawl.tools.checkstyle.checks.coding.FinalLocalVariableCheck"/>
<error line="156" severity="error" message="Trailing whitespace found." source="com.puppycrawl.tools.checkstyle.checks.regexp.RegexpSinglelineCheck"/>
<error line="162" severity="error" message="Trailing whitespace found." source="com.puppycrawl.tools.checkstyle.checks.regexp.RegexpSinglelineCheck"/>
<error line="162" column="24" severity="error" message="Variable &apos;msg&apos; should be declared final." source="com.puppycrawl.tools.checkstyle.checks.coding.FinalLocalVariableCheck"/>
<error line="164" column="30" severity="error" message="Variable &apos;n&apos; should be declared final." source="com.puppycrawl.tools.checkstyle.checks.coding.FinalLocalVariableCheck"/>
<error line="165" severity="error" message="Trailing whitespace found." source="com.puppycrawl.tools.checkstyle.checks.regexp.RegexpSinglelineCheck"/>
<error line="166" severity="error" message="Trailing whitespace found." source="com.puppycrawl.tools.checkstyle.checks.regexp.RegexpSinglelineCheck"/>
<error line="167" severity="error" message="Trailing whitespace found." source="com.puppycrawl.tools.checkstyle.checks.regexp.RegexpSinglelineCheck"/>
<error line="168" severity="error" message="Trailing whitespace found." source="com.puppycrawl.tools.checkstyle.checks.regexp.RegexpSinglelineCheck"/>
<error line="181" severity="error" message="Trailing whitespace found." source="com.puppycrawl.tools.checkstyle.checks.regexp.RegexpSinglelineCheck"/>
<error line="184" column="15" severity="error" message="Variable &apos;alert&apos; should be declared final." source="com.puppycrawl.tools.checkstyle.checks.coding.FinalLocalVariableCheck"/>
<error line="192" severity="error" message="Trailing whitespace found." source="com.puppycrawl.tools.checkstyle.checks.regexp.RegexpSinglelineCheck"/>
<error line="197" severity="error" message="Trailing whitespace found." source="com.puppycrawl.tools.checkstyle.checks.regexp.RegexpSinglelineCheck"/>
<error line="202" severity="error" message="Trailing whitespace found." source="com.puppycrawl.tools.checkstyle.checks.regexp.RegexpSinglelineCheck"/>
<error line="207" severity="error" message="Trailing whitespace found." source="com.puppycrawl.tools.checkstyle.checks.regexp.RegexpSinglelineCheck"/>
<error line="211" severity="error" message="Trailing whitespace found." source="com.puppycrawl.tools.checkstyle.checks.regexp.RegexpSinglelineCheck"/>
<error line="213" column="25" severity="error" message="Variable &apos;it&apos; should be declared final." source="com.puppycrawl.tools.checkstyle.checks.coding.FinalLocalVariableCheck"/>
<error line="215" column="19" severity="error" message="Variable &apos;a&apos; should be declared final." source="com.puppycrawl.tools.checkstyle.checks.coding.FinalLocalVariableCheck"/>
<error line="224" severity="error" message="Trailing whitespace found." source="com.puppycrawl.tools.checkstyle.checks.regexp.RegexpSinglelineCheck"/>
</file>
<file name="C:\Code_Files\stock_alert_notif\src\main\java\edu\gmu\cs321\AlertNotificationDAO.java">
</file>
<file name="C:\Code_Files\stock_alert_notif\src\main\java\edu\gmu\cs321\AlertNotificationJdbcDAO.java">
<error line="29" column="9" severity="error" message="&apos;if&apos; construct must use &apos;{}&apos;s." source="com.puppycrawl.tools.checkstyle.checks.blocks.NeedBracesCheck"/>
<error line="35" severity="error" message="Line is longer than 120 characters (found 140)." source="com.puppycrawl.tools.checkstyle.checks.sizes.LineLengthCheck"/>
<error line="35" column="16" severity="error" message="Variable &apos;sql&apos; should be declared final." source="com.puppycrawl.tools.checkstyle.checks.coding.FinalLocalVariableCheck"/>
<error line="50" column="28" severity="error" message="Variable &apos;out&apos; should be declared final." source="com.puppycrawl.tools.checkstyle.checks.coding.FinalLocalVariableCheck"/>
<error line="51" severity="error" message="Line is longer than 120 characters (found 121)." source="com.puppycrawl.tools.checkstyle.checks.sizes.LineLengthCheck"/>
<error line="51" column="16" severity="error" message="Variable &apos;sql&apos; should be declared final." source="com.puppycrawl.tools.checkstyle.checks.coding.FinalLocalVariableCheck"/>
<error line="54" column="24" severity="error" message="Variable &apos;id&apos; should be declared final." source="com.puppycrawl.tools.checkstyle.checks.coding.FinalLocalVariableCheck"/>
<error line="55" column="24" severity="error" message="Variable &apos;msg&apos; should be declared final." source="com.puppycrawl.tools.checkstyle.checks.coding.FinalLocalVariableCheck"/>
<error line="56" column="24" severity="error" message="Variable &apos;method&apos; should be declared final." source="com.puppycrawl.tools.checkstyle.checks.coding.FinalLocalVariableCheck"/>
<error line="57" column="24" severity="error" message="Variable &apos;recipient&apos; should be declared final." source="com.puppycrawl.tools.checkstyle.checks.coding.FinalLocalVariableCheck"/>
<error line="58" column="27" severity="error" message="Variable &apos;ts&apos; should be declared final." source="com.puppycrawl.tools.checkstyle.checks.coding.FinalLocalVariableCheck"/>
<error line="59" column="31" severity="error" message="Variable &apos;ldt&apos; should be declared final." source="com.puppycrawl.tools.checkstyle.checks.coding.FinalLocalVariableCheck"/>
</file>
<file name="C:\Code_Files\stock_alert_notif\src\main\java\edu\gmu\cs321\DataBaseManager.java">
</file>
<file name="C:\Code_Files\stock_alert_notif\src\main\java\edu\gmu\cs321\DbTestUtils.java">
<error line="10" severity="error" message="Line is longer than 120 characters (found 211)." source="com.puppycrawl.tools.checkstyle.checks.sizes.LineLengthCheck"/>
<error line="11" severity="error" message="Line is longer than 120 characters (found 214)." source="com.puppycrawl.tools.checkstyle.checks.sizes.LineLengthCheck"/>
</file>
<file name="C:\Code_Files\stock_alert_notif\src\main\java\edu\gmu\cs321\InMemoryAlertDAO.java">
<error line="12" column="21" severity="error" message="Variable &apos;active&apos; should be declared final." source="com.puppycrawl.tools.checkstyle.checks.coding.FinalLocalVariableCheck"/>
<error line="14" column="13" severity="error" message="&apos;if&apos; construct must use &apos;{}&apos;s." source="com.puppycrawl.tools.checkstyle.checks.blocks.NeedBracesCheck"/>
<error line="52" column="21" severity="error" message="Variable &apos;result&apos; should be declared final." source="com.puppycrawl.tools.checkstyle.checks.coding.FinalLocalVariableCheck"/>
</file>
<file name="C:\Code_Files\stock_alert_notif\src\main\java\edu\gmu\cs321\InMemoryAlertNotificationDAO.java">
</file>
<file name="C:\Code_Files\stock_alert_notif\src\main\java\edu\gmu\cs321\InMemoryNotificationDao.java">
<error line="14" severity="error" message="Trailing whitespace found." source="com.puppycrawl.tools.checkstyle.checks.regexp.RegexpSinglelineCheck"/>
<error line="19" severity="error" message="Trailing whitespace found." source="com.puppycrawl.tools.checkstyle.checks.regexp.RegexpSinglelineCheck"/>
<error line="26" severity="error" message="Trailing whitespace found." source="com.puppycrawl.tools.checkstyle.checks.regexp.RegexpSinglelineCheck"/>
<error line="31" severity="error" message="Trailing whitespace found." source="com.puppycrawl.tools.checkstyle.checks.regexp.RegexpSinglelineCheck"/>
</file>
<file name="C:\Code_Files\stock_alert_notif\src\main\java\edu\gmu\cs321\Main.java">
<error line="1" severity="error" message="File does not end with a newline." source="com.puppycrawl.tools.checkstyle.checks.NewlineAtEndOfFileCheck"/>
<error line="7" column="20" severity="error" message="Variable &apos;jdbcUrl&apos; should be declared final." source="com.puppycrawl.tools.checkstyle.checks.coding.FinalLocalVariableCheck"/>
<error line="8" column="22" severity="error" message="Variable &apos;alertDAO&apos; should be declared final." source="com.puppycrawl.tools.checkstyle.checks.coding.FinalLocalVariableCheck"/>
<error line="9" column="27" severity="error" message="Variable &apos;marketDataAPI&apos; should be declared final." source="com.puppycrawl.tools.checkstyle.checks.coding.FinalLocalVariableCheck"/>
<error line="12" column="33" severity="error" message="Variable &apos;server&apos; should be declared final." source="com.puppycrawl.tools.checkstyle.checks.coding.FinalLocalVariableCheck"/>
</file>
<file name="C:\Code_Files\stock_alert_notif\src\main\java\edu\gmu\cs321\MarketDataAPI.java">
<error line="3" severity="error" message="Trailing whitespace found." source="com.puppycrawl.tools.checkstyle.checks.regexp.RegexpSinglelineCheck"/>
<error line="5" severity="error" message="Trailing whitespace found." source="com.puppycrawl.tools.checkstyle.checks.regexp.RegexpSinglelineCheck"/>
</file>
<file name="C:\Code_Files\stock_alert_notif\src\main\java\edu\gmu\cs321\MockMarketDataAPI.java">
<error line="18" column="16" severity="error" message="Variable &apos;p&apos; should be declared final." source="com.puppycrawl.tools.checkstyle.checks.coding.FinalLocalVariableCheck"/>
</file>
<file name="C:\Code_Files\stock_alert_notif\src\main\java\edu\gmu\cs321\Notification.java">
<error line="23" severity="error" message="Line is longer than 120 characters (found 137)." source="com.puppycrawl.tools.checkstyle.checks.sizes.LineLengthCheck"/>
</file>
<file name="C:\Code_Files\stock_alert_notif\src\main\java\edu\gmu\cs321\NotificationDao.java">
</file>
<file name="C:\Code_Files\stock_alert_notif\src\main\java\edu\gmu\cs321\NotificationDaoImpl.java">
<error line="25" severity="error" message="Line is longer than 120 characters (found 156)." source="com.puppycrawl.tools.checkstyle.checks.sizes.LineLengthCheck"/>
</file>
<file name="C:\Code_Files\stock_alert_notif\src\main\java\edu\gmu\cs321\NotificationService.java">
<error line="40" column="21" severity="error" message="Variable &apos;sendSuccess&apos; should be declared final." source="com.puppycrawl.tools.checkstyle.checks.coding.FinalLocalVariableCheck"/>
</file>
<file name="C:\Code_Files\stock_alert_notif\src\main\java\edu\gmu\cs321\RealMarketDataAPI.java">
<error line="17" column="9" severity="error" message="&apos;if&apos; construct must use &apos;{}&apos;s." source="com.puppycrawl.tools.checkstyle.checks.blocks.NeedBracesCheck"/>
<error line="18" column="16" severity="error" message="Variable &apos;sym&apos; should be declared final." source="com.puppycrawl.tools.checkstyle.checks.coding.FinalLocalVariableCheck"/>
<error line="19" column="16" severity="error" message="Variable &apos;endpoint&apos; should be declared final." source="com.puppycrawl.tools.checkstyle.checks.coding.FinalLocalVariableCheck"/>
<error line="22" column="17" severity="error" message="Variable &apos;url&apos; should be declared final." source="com.puppycrawl.tools.checkstyle.checks.coding.FinalLocalVariableCheck"/>
<error line="28" column="17" severity="error" message="Variable &apos;code&apos; should be declared final." source="com.puppycrawl.tools.checkstyle.checks.coding.FinalLocalVariableCheck"/>
<error line="29" column="25" severity="error" message="Variable &apos;is&apos; should be declared final." source="com.puppycrawl.tools.checkstyle.checks.coding.FinalLocalVariableCheck"/>
<error line="30" column="28" severity="error" message="Variable &apos;rd&apos; should be declared final." source="com.puppycrawl.tools.checkstyle.checks.coding.FinalLocalVariableCheck"/>
<error line="31" column="27" severity="error" message="Variable &apos;sb&apos; should be declared final." source="com.puppycrawl.tools.checkstyle.checks.coding.FinalLocalVariableCheck"/>
<error line="33" column="13" severity="error" message="&apos;while&apos; construct must use &apos;{}&apos;s." source="com.puppycrawl.tools.checkstyle.checks.blocks.NeedBracesCheck"/>
<error line="35" column="20" severity="error" message="Variable &apos;json&apos; should be declared final." source="com.puppycrawl.tools.checkstyle.checks.coding.FinalLocalVariableCheck"/>
<error line="37" column="20" severity="error" message="Variable &apos;key&apos; should be declared final." source="com.puppycrawl.tools.checkstyle.checks.coding.FinalLocalVariableCheck"/>
<error line="38" column="17" severity="error" message="Variable &apos;idx&apos; should be declared final." source="com.puppycrawl.tools.checkstyle.checks.coding.FinalLocalVariableCheck"/>
<error line="40" column="21" severity="error" message="Variable &apos;start&apos; should be declared final." source="com.puppycrawl.tools.checkstyle.checks.coding.FinalLocalVariableCheck"/>
<error line="43" column="26" severity="error" message="Variable &apos;c&apos; should be declared final." source="com.puppycrawl.tools.checkstyle.checks.coding.FinalLocalVariableCheck"/>
<error line="44" column="21" severity="error" message="&apos;if&apos; construct must use &apos;{}&apos;s." source="com.puppycrawl.tools.checkstyle.checks.blocks.NeedBracesCheck"/>
<error line="44" column="80" severity="error" message="&apos;else&apos; construct must use &apos;{}&apos;s." source="com.puppycrawl.tools.checkstyle.checks.blocks.NeedBracesCheck"/>
<error line="46" column="24" severity="error" message="Variable &apos;num&apos; should be declared final." source="com.puppycrawl.tools.checkstyle.checks.coding.FinalLocalVariableCheck"/>
<error line="52" column="13" severity="error" message="&apos;if&apos; construct must use &apos;{}&apos;s." source="com.puppycrawl.tools.checkstyle.checks.blocks.NeedBracesCheck"/>
</file>
<file name="C:\Code_Files\stock_alert_notif\src\main\java\edu\gmu\cs321\Stock.java">
<error line="3" severity="error" message="Trailing whitespace found." source="com.puppycrawl.tools.checkstyle.checks.regexp.RegexpSinglelineCheck"/>
<error line="9" severity="error" message="Trailing whitespace found." source="com.puppycrawl.tools.checkstyle.checks.regexp.RegexpSinglelineCheck"/>
<error line="16" severity="error" message="Trailing whitespace found." source="com.puppycrawl.tools.checkstyle.checks.regexp.RegexpSinglelineCheck"/>
<error line="19" severity="error" message="Trailing whitespace found." source="com.puppycrawl.tools.checkstyle.checks.regexp.RegexpSinglelineCheck"/>
<error line="23" severity="error" message="Trailing whitespace found." source="com.puppycrawl.tools.checkstyle.checks.regexp.RegexpSinglelineCheck"/>
</file>
<file name="C:\Code_Files\stock_alert_notif\src\main\java\edu\gmu\cs321\User.java">
<error line="3" severity="error" message="Trailing whitespace found." source="com.puppycrawl.tools.checkstyle.checks.regexp.RegexpSinglelineCheck"/>
<error line="12" severity="error" message="Trailing whitespace found." source="com.puppycrawl.tools.checkstyle.checks.regexp.RegexpSinglelineCheck"/>
<error line="22" severity="error" message="Trailing whitespace found." source="com.puppycrawl.tools.checkstyle.checks.regexp.RegexpSinglelineCheck"/>
<error line="28" severity="error" message="Trailing whitespace found." source="com.puppycrawl.tools.checkstyle.checks.regexp.RegexpSinglelineCheck"/>
<error line="33" severity="error" message="Trailing whitespace found." source="com.puppycrawl.tools.checkstyle.checks.regexp.RegexpSinglelineCheck"/>
<error line="38" severity="error" message="Trailing whitespace found." source="com.puppycrawl.tools.checkstyle.checks.regexp.RegexpSinglelineCheck"/>
</file>
<file name="C:\Code_Files\stock_alert_notif\src\main\java\edu\gmu\cs321\UserDao.java">
</file>
<file name="C:\Code_Files\stock_alert_notif\src\main\java\edu\gmu\cs321\UserDaoImpl.java">
<error line="3" column="16" severity="error" message="Using the &apos;.*&apos; form of import should be avoided - java.sql.*." source="com.puppycrawl.tools.checkstyle.checks.imports.AvoidStarImportCheck"/>
<error line="14" severity="error" message="Trailing whitespace found." source="com.puppycrawl.tools.checkstyle.checks.regexp.RegexpSinglelineCheck"/>
<error line="18" severity="error" message="Trailing whitespace found." source="com.puppycrawl.tools.checkstyle.checks.regexp.RegexpSinglelineCheck"/>
<error line="25" severity="error" message="Trailing whitespace found." source="com.puppycrawl.tools.checkstyle.checks.regexp.RegexpSinglelineCheck"/>
<error line="34" severity="error" message="Trailing whitespace found." source="com.puppycrawl.tools.checkstyle.checks.regexp.RegexpSinglelineCheck"/>
<error line="41" severity="error" message="Trailing whitespace found." source="com.puppycrawl.tools.checkstyle.checks.regexp.RegexpSinglelineCheck"/>
<error line="44" column="16" severity="error" message="Variable &apos;sql&apos; should be declared final." source="com.puppycrawl.tools.checkstyle.checks.coding.FinalLocalVariableCheck"/>
<error line="45" severity="error" message="Trailing whitespace found." source="com.puppycrawl.tools.checkstyle.checks.regexp.RegexpSinglelineCheck"/>
<error line="48" severity="error" message="Trailing whitespace found." source="com.puppycrawl.tools.checkstyle.checks.regexp.RegexpSinglelineCheck"/>
<error line="50" column="23" severity="error" message="Variable &apos;rs&apos; should be declared final." source="com.puppycrawl.tools.checkstyle.checks.coding.FinalLocalVariableCheck"/>
<error line="51" severity="error" message="Trailing whitespace found." source="com.puppycrawl.tools.checkstyle.checks.regexp.RegexpSinglelineCheck"/>
<error line="53" column="22" severity="error" message="Variable &apos;user&apos; should be declared final." source="com.puppycrawl.tools.checkstyle.checks.coding.FinalLocalVariableCheck"/>
<error line="63" severity="error" message="Trailing whitespace found." source="com.puppycrawl.tools.checkstyle.checks.regexp.RegexpSinglelineCheck"/>
<error line="70" severity="error" message="Trailing whitespace found." source="com.puppycrawl.tools.checkstyle.checks.regexp.RegexpSinglelineCheck"/>
<error line="74" column="16" severity="error" message="Variable &apos;sql&apos; should be declared final." source="com.puppycrawl.tools.checkstyle.checks.coding.FinalLocalVariableCheck"/>
<error line="76" severity="error" message="Trailing whitespace found." source="com.puppycrawl.tools.checkstyle.checks.regexp.RegexpSinglelineCheck"/>
<error line="79" severity="error" message="Trailing whitespace found." source="com.puppycrawl.tools.checkstyle.checks.regexp.RegexpSinglelineCheck"/>
<error line="85" severity="error" message="Trailing whitespace found." source="com.puppycrawl.tools.checkstyle.checks.regexp.RegexpSinglelineCheck"/>
<error line="86" column="17" severity="error" message="Variable &apos;rowsAffected&apos; should be declared final." source="com.puppycrawl.tools.checkstyle.checks.coding.FinalLocalVariableCheck"/>
<error line="87" severity="error" message="Trailing whitespace found." source="com.puppycrawl.tools.checkstyle.checks.regexp.RegexpSinglelineCheck"/>
<error line="93" severity="error" message="Trailing whitespace found." source="com.puppycrawl.tools.checkstyle.checks.regexp.RegexpSinglelineCheck"/>
<error line="100" severity="error" message="Trailing whitespace found." source="com.puppycrawl.tools.checkstyle.checks.regexp.RegexpSinglelineCheck"/>
<error line="108" severity="error" message="Trailing whitespace found." source="com.puppycrawl.tools.checkstyle.checks.regexp.RegexpSinglelineCheck"/>
<error line="113" column="16" severity="error" message="Variable &apos;sql&apos; should be declared final." source="com.puppycrawl.tools.checkstyle.checks.coding.FinalLocalVariableCheck"/>
<error line="114" severity="error" message="Trailing whitespace found." source="com.puppycrawl.tools.checkstyle.checks.regexp.RegexpSinglelineCheck"/>
<error line="117" severity="error" message="Trailing whitespace found." source="com.puppycrawl.tools.checkstyle.checks.regexp.RegexpSinglelineCheck"/>
<error line="120" severity="error" message="Trailing whitespace found." source="com.puppycrawl.tools.checkstyle.checks.regexp.RegexpSinglelineCheck"/>
</file>
<file name="C:\Code_Files\stock_alert_notif\src\main\java\edu\gmu\cs321\Watchlist.java">
<error line="7" severity="error" message="Trailing whitespace found." source="com.puppycrawl.tools.checkstyle.checks.regexp.RegexpSinglelineCheck"/>
<error line="12" severity="error" message="Trailing whitespace found." source="com.puppycrawl.tools.checkstyle.checks.regexp.RegexpSinglelineCheck"/>
<error line="17" severity="error" message="Trailing whitespace found." source="com.puppycrawl.tools.checkstyle.checks.regexp.RegexpSinglelineCheck"/>
<error line="20" severity="error" message="Trailing whitespace found." source="com.puppycrawl.tools.checkstyle.checks.regexp.RegexpSinglelineCheck"/>
<error line="24" severity="error" message="Trailing whitespace found." source="com.puppycrawl.tools.checkstyle.checks.regexp.RegexpSinglelineCheck"/>
<error line="29" severity="error" message="Trailing whitespace found." source="com.puppycrawl.tools.checkstyle.checks.regexp.RegexpSinglelineCheck"/>
<error line="34" severity="error" message="Trailing whitespace found." source="com.puppycrawl.tools.checkstyle.checks.regexp.RegexpSinglelineCheck"/>
<error line="39" severity="error" message="Trailing whitespace found." source="com.puppycrawl.tools.checkstyle.checks.regexp.RegexpSinglelineCheck"/>
</file>
<file name="C:\Code_Files\stock_alert_notif\src\main\java\edu\gmu\cs321\WorkflowState.java">
<error line="8" severity="error" message="Trailing whitespace found." source="com.puppycrawl.tools.checkstyle.checks.regexp.RegexpSinglelineCheck"/>
<error line="16" severity="error" message="Trailing whitespace found." source="com.puppycrawl.tools.checkstyle.checks.regexp.RegexpSinglelineCheck"/>
<error line="22" severity="error" message="Trailing whitespace found." source="com.puppycrawl.tools.checkstyle.checks.regexp.RegexpSinglelineCheck"/>
<error line="24" severity="error" message="Trailing whitespace found." source="com.puppycrawl.tools.checkstyle.checks.regexp.RegexpSinglelineCheck"/>
<error line="28" severity="error" message="Trailing whitespace found." source="com.puppycrawl.tools.checkstyle.checks.regexp.RegexpSinglelineCheck"/>
<error line="32" severity="error" message="Trailing whitespace found." source="com.puppycrawl.tools.checkstyle.checks.regexp.RegexpSinglelineCheck"/>
<error line="42" severity="error" message="Trailing whitespace found." source="com.puppycrawl.tools.checkstyle.checks.regexp.RegexpSinglelineCheck"/>
<error line="50" severity="error" message="Trailing whitespace found." source="com.puppycrawl.tools.checkstyle.checks.regexp.RegexpSinglelineCheck"/>
<error line="60" severity="error" message="Trailing whitespace found." source="com.puppycrawl.tools.checkstyle.checks.regexp.RegexpSinglelineCheck"/>
<error line="72" severity="error" message="Trailing whitespace found." source="com.puppycrawl.tools.checkstyle.checks.regexp.RegexpSinglelineCheck"/>
<error line="74" column="23" severity="error" message="Variable &apos;now&apos; should be declared final." source="com.puppycrawl.tools.checkstyle.checks.coding.FinalLocalVariableCheck"/>
<error line="88" severity="error" message="Trailing whitespace found." source="com.puppycrawl.tools.checkstyle.checks.regexp.RegexpSinglelineCheck"/>
<error line="92" severity="error" message="Trailing whitespace found." source="com.puppycrawl.tools.checkstyle.checks.regexp.RegexpSinglelineCheck"/>
<error line="101" column="9" severity="error" message="&apos;if&apos; construct must use &apos;{}&apos;s." source="com.puppycrawl.tools.checkstyle.checks.blocks.NeedBracesCheck"/>
<error line="102" severity="error" message="Trailing whitespace found." source="com.puppycrawl.tools.checkstyle.checks.regexp.RegexpSinglelineCheck"/>
<error line="115" severity="error" message="Trailing whitespace found." source="com.puppycrawl.tools.checkstyle.checks.regexp.RegexpSinglelineCheck"/>
<error line="128" severity="error" message="Trailing whitespace found." source="com.puppycrawl.tools.checkstyle.checks.regexp.RegexpSinglelineCheck"/>
<error line="146" severity="error" message="Trailing whitespace found." source="com.puppycrawl.tools.checkstyle.checks.regexp.RegexpSinglelineCheck"/>
<error line="155" severity="error" message="Trailing whitespace found." source="com.puppycrawl.tools.checkstyle.checks.regexp.RegexpSinglelineCheck"/>
</file>
<file name="C:\Code_Files\stock_alert_notif\src\main\java\edu\gmu\cs321\WorkflowStateDAO.java">
<error line="18" severity="error" message="Trailing whitespace found." source="com.puppycrawl.tools.checkstyle.checks.regexp.RegexpSinglelineCheck"/>
<error line="25" severity="error" message="Trailing whitespace found." source="com.puppycrawl.tools.checkstyle.checks.regexp.RegexpSinglelineCheck"/>
</file>
<file name="C:\Code_Files\stock_alert_notif\src\main\java\edu\gmu\cs321\WorkflowStateJdbcDAO.java">
<error line="3" column="16" severity="error" message="Using the &apos;.*&apos; form of import should be avoided - java.sql.*." source="com.puppycrawl.tools.checkstyle.checks.imports.AvoidStarImportCheck"/>
<error line="18" severity="error" message="Trailing whitespace found." source="com.puppycrawl.tools.checkstyle.checks.regexp.RegexpSinglelineCheck"/>
<error line="22" severity="error" message="Trailing whitespace found." source="com.puppycrawl.tools.checkstyle.checks.regexp.RegexpSinglelineCheck"/>
<error line="28" severity="error" message="Trailing whitespace found." source="com.puppycrawl.tools.checkstyle.checks.regexp.RegexpSinglelineCheck"/>
<error line="30" column="9" severity="error" message="&apos;if&apos; construct must use &apos;{}&apos;s." source="com.puppycrawl.tools.checkstyle.checks.blocks.NeedBracesCheck"/>
<error line="33" severity="error" message="Trailing whitespace found." source="com.puppycrawl.tools.checkstyle.checks.regexp.RegexpSinglelineCheck"/>
<error line="36" column="16" severity="error" message="Variable &apos;sql&apos; should be declared final." source="com.puppycrawl.tools.checkstyle.checks.coding.FinalLocalVariableCheck"/>
<error line="39" severity="error" message="Trailing whitespace found." source="com.puppycrawl.tools.checkstyle.checks.regexp.RegexpSinglelineCheck"/>
<error line="44" severity="error" message="Trailing whitespace found." source="com.puppycrawl.tools.checkstyle.checks.regexp.RegexpSinglelineCheck"/>
<error line="46" severity="error" message="Trailing whitespace found." source="com.puppycrawl.tools.checkstyle.checks.regexp.RegexpSinglelineCheck"/>
<error line="48" severity="error" message="Trailing whitespace found." source="com.puppycrawl.tools.checkstyle.checks.regexp.RegexpSinglelineCheck"/>
<error line="56" severity="error" message="Trailing whitespace found." source="com.puppycrawl.tools.checkstyle.checks.regexp.RegexpSinglelineCheck"/>
<error line="59" column="16" severity="error" message="Variable &apos;sql&apos; should be declared final." source="com.puppycrawl.tools.checkstyle.checks.coding.FinalLocalVariableCheck"/>
<error line="60" severity="error" message="Trailing whitespace found." source="com.puppycrawl.tools.checkstyle.checks.regexp.RegexpSinglelineCheck"/>
<error line="63" column="23" severity="error" message="Variable &apos;rs&apos; should be declared final." source="com.puppycrawl.tools.checkstyle.checks.coding.FinalLocalVariableCheck"/>
<error line="64" severity="error" message="Trailing whitespace found." source="com.puppycrawl.tools.checkstyle.checks.regexp.RegexpSinglelineCheck"/>
<error line="66" column="31" severity="error" message="Variable &apos;ws&apos; should be declared final." source="com.puppycrawl.tools.checkstyle.checks.coding.FinalLocalVariableCheck"/>
<error line="68" column="24" severity="error" message="Variable &apos;stateStr&apos; should be declared final." source="com.puppycrawl.tools.checkstyle.checks.coding.FinalLocalVariableCheck"/>
<error line="69" column="37" severity="error" message="Variable &apos;state&apos; should be declared final." source="com.puppycrawl.tools.checkstyle.checks.coding.FinalLocalVariableCheck"/>
<error line="70" severity="error" message="Trailing whitespace found." source="com.puppycrawl.tools.checkstyle.checks.regexp.RegexpSinglelineCheck"/>
<error line="82" severity="error" message="Trailing whitespace found." source="com.puppycrawl.tools.checkstyle.checks.regexp.RegexpSinglelineCheck"/>
<error line="87" column="16" severity="error" message="Variable &apos;alertId&apos; should be declared final." source="com.puppycrawl.tools.checkstyle.checks.coding.FinalLocalVariableCheck"/>
<error line="88" column="23" severity="error" message="Variable &apos;ws&apos; should be declared final." source="com.puppycrawl.tools.checkstyle.checks.coding.FinalLocalVariableCheck"/>
<error line="89" severity="error" message="Trailing whitespace found." source="com.puppycrawl.tools.checkstyle.checks.regexp.RegexpSinglelineCheck"/>
<error line="91" column="16" severity="error" message="Variable &apos;stateStr&apos; should be declared final." source="com.puppycrawl.tools.checkstyle.checks.coding.FinalLocalVariableCheck"/>
<error line="92" column="29" severity="error" message="Variable &apos;targetState&apos; should be declared final." source="com.puppycrawl.tools.checkstyle.checks.coding.FinalLocalVariableCheck"/>
<error line="93" severity="error" message="Trailing whitespace found." source="com.puppycrawl.tools.checkstyle.checks.regexp.RegexpSinglelineCheck"/>
<error line="96" severity="error" message="Trailing whitespace found." source="com.puppycrawl.tools.checkstyle.checks.regexp.RegexpSinglelineCheck"/>
<error line="106" severity="error" message="Trailing whitespace found." source="com.puppycrawl.tools.checkstyle.checks.regexp.RegexpSinglelineCheck"/>
<error line="109" severity="error" message="Trailing whitespace found." source="com.puppycrawl.tools.checkstyle.checks.regexp.RegexpSinglelineCheck"/>
<error line="112" column="16" severity="error" message="Variable &apos;sql&apos; should be declared final." source="com.puppycrawl.tools.checkstyle.checks.coding.FinalLocalVariableCheck"/>
<error line="113" severity="error" message="Trailing whitespace found." source="com.puppycrawl.tools.checkstyle.checks.regexp.RegexpSinglelineCheck"/>
</file>
<file name="C:\Code_Files\stock_alert_notif\src\test\java\edu\gmu\cs321\AlertDbIntegrationTest.java">
<error line="4" column="47" severity="error" message="Using the &apos;.*&apos; form of import should be avoided - org.junit.jupiter.api.Assertions.*." source="com.puppycrawl.tools.checkstyle.checks.imports.AvoidStarImportCheck"/>
<error line="11" column="10" severity="error" message="Name &apos;integration_alertTrigger_flow_shouldPersistNotification&apos; must match pattern &apos;^[a-z][a-zA-Z0-9]*$&apos;." source="com.puppycrawl.tools.checkstyle.checks.naming.MethodNameCheck"/>
<error line="12" column="16" severity="error" message="Variable &apos;url&apos; should be declared final." source="com.puppycrawl.tools.checkstyle.checks.coding.FinalLocalVariableCheck"/>
<error line="15" column="22" severity="error" message="Variable &apos;alertDao&apos; should be declared final." source="com.puppycrawl.tools.checkstyle.checks.coding.FinalLocalVariableCheck"/>
<error line="16" column="34" severity="error" message="Variable &apos;notifDao&apos; should be declared final." source="com.puppycrawl.tools.checkstyle.checks.coding.FinalLocalVariableCheck"/>
<error line="17" column="27" severity="error" message="Variable &apos;api&apos; should be declared final." source="com.puppycrawl.tools.checkstyle.checks.coding.FinalLocalVariableCheck"/>
<error line="18" column="29" severity="error" message="Variable &apos;svc&apos; should be declared final." source="com.puppycrawl.tools.checkstyle.checks.coding.FinalLocalVariableCheck"/>
<error line="21" column="15" severity="error" message="Variable &apos;a&apos; should be declared final." source="com.puppycrawl.tools.checkstyle.checks.coding.FinalLocalVariableCheck"/>
<error line="27" column="22" severity="error" message="Variable &apos;mgr&apos; should be declared final." source="com.puppycrawl.tools.checkstyle.checks.coding.FinalLocalVariableCheck"/>
<error line="32" column="21" severity="error" message="Variable &apos;all&apos; should be declared final." source="com.puppycrawl.tools.checkstyle.checks.coding.FinalLocalVariableCheck"/>
<error line="35" column="13" severity="error" message="&apos;if&apos; construct must use &apos;{}&apos;s." source="com.puppycrawl.tools.checkstyle.checks.blocks.NeedBracesCheck"/>
</file>
<file name="C:\Code_Files\stock_alert_notif\src\test\java\edu\gmu\cs321\AlertManagerSchedulerTest.java">
<error line="1" severity="error" message="File does not end with a newline." source="com.puppycrawl.tools.checkstyle.checks.NewlineAtEndOfFileCheck"/>
<error line="6" column="47" severity="error" message="Using the &apos;.*&apos; form of import should be avoided - org.junit.jupiter.api.Assertions.*." source="com.puppycrawl.tools.checkstyle.checks.imports.AvoidStarImportCheck"/>
<error line="30" column="9" severity="error" message="&apos;if&apos; construct must use &apos;{}&apos;s." source="com.puppycrawl.tools.checkstyle.checks.blocks.NeedBracesCheck"/>
<error line="36" column="15" severity="error" message="Variable &apos;alert&apos; should be declared final." source="com.puppycrawl.tools.checkstyle.checks.coding.FinalLocalVariableCheck"/>
<error line="52" column="21" severity="error" message="Variable &apos;allAlerts&apos; should be declared final." source="com.puppycrawl.tools.checkstyle.checks.coding.FinalLocalVariableCheck"/>
<error line="66" column="15" severity="error" message="Variable &apos;alert&apos; should be declared final." source="com.puppycrawl.tools.checkstyle.checks.coding.FinalLocalVariableCheck"/>
<error line="80" severity="error" message="Trailing whitespace found." source="com.puppycrawl.tools.checkstyle.checks.regexp.RegexpSinglelineCheck"/>
<error line="87" column="29" severity="error" message="Variable &apos;countingService&apos; should be declared final." source="com.puppycrawl.tools.checkstyle.checks.coding.FinalLocalVariableCheck"/>
<error line="99" column="15" severity="error" message="Variable &apos;alert&apos; should be declared final." source="com.puppycrawl.tools.checkstyle.checks.coding.FinalLocalVariableCheck"/>
<error line="112" severity="error" message="Trailing whitespace found." source="com.puppycrawl.tools.checkstyle.checks.regexp.RegexpSinglelineCheck"/>
</file>
<file name="C:\Code_Files\stock_alert_notif\src\test\java\edu\gmu\cs321\AlertManagerTest.java">
<error line="4" column="47" severity="error" message="Using the &apos;.*&apos; form of import should be avoided - org.junit.jupiter.api.Assertions.*." source="com.puppycrawl.tools.checkstyle.checks.imports.AvoidStarImportCheck"/>
<error line="11" column="10" severity="error" message="Name &apos;whenPriceMeetsCondition_alertIsTriggered_andNotificationRecorded&apos; must match pattern &apos;^[a-z][a-zA-Z0-9]*$&apos;." source="com.puppycrawl.tools.checkstyle.checks.naming.MethodNameCheck"/>
<error line="13" column="26" severity="error" message="Variable &apos;alertDAO&apos; should be declared final." source="com.puppycrawl.tools.checkstyle.checks.coding.FinalLocalVariableCheck"/>
<error line="14" column="38" severity="error" message="Variable &apos;notifDAO&apos; should be declared final." source="com.puppycrawl.tools.checkstyle.checks.coding.FinalLocalVariableCheck"/>
<error line="15" column="27" severity="error" message="Variable &apos;api&apos; should be declared final." source="com.puppycrawl.tools.checkstyle.checks.coding.FinalLocalVariableCheck"/>
<error line="16" column="29" severity="error" message="Variable &apos;svc&apos; should be declared final." source="com.puppycrawl.tools.checkstyle.checks.coding.FinalLocalVariableCheck"/>
<error line="19" column="15" severity="error" message="Variable &apos;a&apos; should be declared final." source="com.puppycrawl.tools.checkstyle.checks.coding.FinalLocalVariableCheck"/>
<error line="25" column="22" severity="error" message="Variable &apos;mgr&apos; should be declared final." source="com.puppycrawl.tools.checkstyle.checks.coding.FinalLocalVariableCheck"/>
</file>
<file name="C:\Code_Files\stock_alert_notif\src\test\java\edu\gmu\cs321\AlertTest.java">
<error line="3" column="47" severity="error" message="Using the &apos;.*&apos; form of import should be avoided - org.junit.jupiter.api.Assertions.*." source="com.puppycrawl.tools.checkstyle.checks.imports.AvoidStarImportCheck"/>
<error line="13" column="10" severity="error" message="Name &apos;createAlert_withValidInput_shouldSucceed&apos; must match pattern &apos;^[a-z][a-zA-Z0-9]*$&apos;." source="com.puppycrawl.tools.checkstyle.checks.naming.MethodNameCheck"/>
<error line="14" column="11" severity="error" message="Variable &apos;alert&apos; should be declared final." source="com.puppycrawl.tools.checkstyle.checks.coding.FinalLocalVariableCheck"/>
<error line="25" column="10" severity="error" message="Name &apos;createAlert_withInvalidInput_shouldFail&apos; must match pattern &apos;^[a-z][a-zA-Z0-9]*$&apos;." source="com.puppycrawl.tools.checkstyle.checks.naming.MethodNameCheck"/>
<error line="27" column="11" severity="error" message="Variable &apos;alert&apos; should be declared final." source="com.puppycrawl.tools.checkstyle.checks.coding.FinalLocalVariableCheck"/>
<error line="35" column="10" severity="error" message="Name &apos;updateAlertStatus_withValidInput_shouldSucceed&apos; must match pattern &apos;^[a-z][a-zA-Z0-9]*$&apos;." source="com.puppycrawl.tools.checkstyle.checks.naming.MethodNameCheck"/>
<error line="36" column="11" severity="error" message="Variable &apos;alert&apos; should be declared final." source="com.puppycrawl.tools.checkstyle.checks.coding.FinalLocalVariableCheck"/>
<error line="43" column="10" severity="error" message="Name &apos;updateAlertStatus_withInvalidInput_shouldFail&apos; must match pattern &apos;^[a-z][a-zA-Z0-9]*$&apos;." source="com.puppycrawl.tools.checkstyle.checks.naming.MethodNameCheck"/>
<error line="44" column="11" severity="error" message="Variable &apos;alert&apos; should be declared final." source="com.puppycrawl.tools.checkstyle.checks.coding.FinalLocalVariableCheck"/>
<error line="51" column="10" severity="error" message="Name &apos;getAlertProperties_withValidInput_shouldReturnCorrectValues&apos; must match pattern &apos;^[a-z][a-zA-Z0-9]*$&apos;." source="com.puppycrawl.tools.checkstyle.checks.naming.MethodNameCheck"/>
<error line="52" column="11" severity="error" message="Variable &apos;alert&apos; should be declared final." source="com.puppycrawl.tools.checkstyle.checks.coding.FinalLocalVariableCheck"/>
<error line="62" column="10" severity="error" message="Name &apos;getAlertProperties_withInvalidInput_shouldFail&apos; must match pattern &apos;^[a-z][a-zA-Z0-9]*$&apos;." source="com.puppycrawl.tools.checkstyle.checks.naming.MethodNameCheck"/>
<error line="63" column="15" severity="error" message="Variable &apos;alert&apos; should be declared final." source="com.puppycrawl.tools.checkstyle.checks.coding.FinalLocalVariableCheck"/>
</file>
<file name="C:\Code_Files\stock_alert_notif\src\test\java\edu\gmu\cs321\EndToEndWorkflowTest.java">
<error line="5" column="47" severity="error" message="Using the &apos;.*&apos; form of import should be avoided - org.junit.jupiter.api.Assertions.*." source="com.puppycrawl.tools.checkstyle.checks.imports.AvoidStarImportCheck"/>
<error line="11" severity="error" message="Trailing whitespace found." source="com.puppycrawl.tools.checkstyle.checks.regexp.RegexpSinglelineCheck"/>
<error line="13" severity="error" message="Trailing whitespace found." source="com.puppycrawl.tools.checkstyle.checks.regexp.RegexpSinglelineCheck"/>
<error line="32" severity="error" message="Trailing whitespace found." source="com.puppycrawl.tools.checkstyle.checks.regexp.RegexpSinglelineCheck"/>
<error line="38" severity="error" message="Trailing whitespace found." source="com.puppycrawl.tools.checkstyle.checks.regexp.RegexpSinglelineCheck"/>
<error line="42" severity="error" message="Trailing whitespace found." source="com.puppycrawl.tools.checkstyle.checks.regexp.RegexpSinglelineCheck"/>
<error line="48" column="10" severity="error" message="Name &apos;completeWorkflow_userCreatesAlert_triggersAndNotifies&apos; must match pattern &apos;^[a-z][a-zA-Z0-9]*$&apos;." source="com.puppycrawl.tools.checkstyle.checks.naming.MethodNameCheck"/>
<error line="50" column="14" severity="error" message="Variable &apos;user&apos; should be declared final." source="com.puppycrawl.tools.checkstyle.checks.coding.FinalLocalVariableCheck"/>
<error line="52" severity="error" message="Trailing whitespace found." source="com.puppycrawl.tools.checkstyle.checks.regexp.RegexpSinglelineCheck"/>
<error line="55" severity="error" message="Trailing whitespace found." source="com.puppycrawl.tools.checkstyle.checks.regexp.RegexpSinglelineCheck"/>
<error line="57" column="19" severity="error" message="Variable &apos;form&apos; should be declared final." source="com.puppycrawl.tools.checkstyle.checks.coding.FinalLocalVariableCheck"/>
<error line="58" column="15" severity="error" message="Variable &apos;stock&apos; should be declared final." source="com.puppycrawl.tools.checkstyle.checks.coding.FinalLocalVariableCheck"/>
<error line="59" severity="error" message="Trailing whitespace found." source="com.puppycrawl.tools.checkstyle.checks.regexp.RegexpSinglelineCheck"/>
<error line="60" column="15" severity="error" message="Variable &apos;alert&apos; should be declared final." source="com.puppycrawl.tools.checkstyle.checks.coding.FinalLocalVariableCheck"/>
<error line="63" severity="error" message="Trailing whitespace found." source="com.puppycrawl.tools.checkstyle.checks.regexp.RegexpSinglelineCheck"/>
<error line="65" column="23" severity="error" message="Variable &apos;workflow&apos; should be declared final." source="com.puppycrawl.tools.checkstyle.checks.coding.FinalLocalVariableCheck"/>
<error line="69" severity="error" message="Trailing whitespace found." source="com.puppycrawl.tools.checkstyle.checks.regexp.RegexpSinglelineCheck"/>
<error line="71" severity="error" message="Trailing whitespace found." source="com.puppycrawl.tools.checkstyle.checks.regexp.RegexpSinglelineCheck"/>
<error line="73" severity="error" message="Trailing whitespace found." source="com.puppycrawl.tools.checkstyle.checks.regexp.RegexpSinglelineCheck"/>
<error line="76" severity="error" message="Trailing whitespace found." source="com.puppycrawl.tools.checkstyle.checks.regexp.RegexpSinglelineCheck"/>
<error line="80" severity="error" message="Trailing whitespace found." source="com.puppycrawl.tools.checkstyle.checks.regexp.RegexpSinglelineCheck"/>
<error line="82" column="21" severity="error" message="Variable &apos;allAlerts&apos; should be declared final." source="com.puppycrawl.tools.checkstyle.checks.coding.FinalLocalVariableCheck"/>
<error line="83" column="15" severity="error" message="Variable &apos;triggeredAlert&apos; should be declared final." source="com.puppycrawl.tools.checkstyle.checks.coding.FinalLocalVariableCheck"/>
<error line="87" severity="error" message="Trailing whitespace found." source="com.puppycrawl.tools.checkstyle.checks.regexp.RegexpSinglelineCheck"/>
<error line="90" severity="error" message="Trailing whitespace found." source="com.puppycrawl.tools.checkstyle.checks.regexp.RegexpSinglelineCheck"/>
<error line="92" column="23" severity="error" message="Variable &apos;finalWorkflow&apos; should be declared final." source="com.puppycrawl.tools.checkstyle.checks.coding.FinalLocalVariableCheck"/>
<error line="96" severity="error" message="Trailing whitespace found." source="com.puppycrawl.tools.checkstyle.checks.regexp.RegexpSinglelineCheck"/>
<error line="98" column="28" severity="error" message="Variable &apos;notifications&apos; should be declared final." source="com.puppycrawl.tools.checkstyle.checks.coding.FinalLocalVariableCheck"/>
<error line="100" severity="error" message="Trailing whitespace found." source="com.puppycrawl.tools.checkstyle.checks.regexp.RegexpSinglelineCheck"/>
<error line="101" column="22" severity="error" message="Variable &apos;notif&apos; should be declared final." source="com.puppycrawl.tools.checkstyle.checks.coding.FinalLocalVariableCheck"/>
<error line="108" column="10" severity="error" message="Name &apos;workflowState_transitionsAreValidated&apos; must match pattern &apos;^[a-z][a-zA-Z0-9]*$&apos;." source="com.puppycrawl.tools.checkstyle.checks.naming.MethodNameCheck"/>
<error line="110" column="15" severity="error" message="Variable &apos;alert&apos; should be declared final." source="com.puppycrawl.tools.checkstyle.checks.coding.FinalLocalVariableCheck"/>
<error line="111" column="23" severity="error" message="Variable &apos;workflow&apos; should be declared final." source="com.puppycrawl.tools.checkstyle.checks.coding.FinalLocalVariableCheck"/>
<error line="112" severity="error" message="Trailing whitespace found." source="com.puppycrawl.tools.checkstyle.checks.regexp.RegexpSinglelineCheck"/>
<error line="115" severity="error" message="Trailing whitespace found." source="com.puppycrawl.tools.checkstyle.checks.regexp.RegexpSinglelineCheck"/>
<error line="120" severity="error" message="Trailing whitespace found." source="com.puppycrawl.tools.checkstyle.checks.regexp.RegexpSinglelineCheck"/>
<error line="125" severity="error" message="Trailing whitespace found." source="com.puppycrawl.tools.checkstyle.checks.regexp.RegexpSinglelineCheck"/>
<error line="127" severity="error" message="Trailing whitespace found." source="com.puppycrawl.tools.checkstyle.checks.regexp.RegexpSinglelineCheck"/>
<error line="132" column="10" severity="error" message="Name &apos;workflowState_invalidTransitionsAreRejected&apos; must match pattern &apos;^[a-z][a-zA-Z0-9]*$&apos;." source="com.puppycrawl.tools.checkstyle.checks.naming.MethodNameCheck"/>
<error line="133" column="23" severity="error" message="Variable &apos;workflow&apos; should be declared final." source="com.puppycrawl.tools.checkstyle.checks.coding.FinalLocalVariableCheck"/>
<error line="134" severity="error" message="Trailing whitespace found." source="com.puppycrawl.tools.checkstyle.checks.regexp.RegexpSinglelineCheck"/>
<error line="139" severity="error" message="Trailing whitespace found." source="com.puppycrawl.tools.checkstyle.checks.regexp.RegexpSinglelineCheck"/>
<error line="142" severity="error" message="Trailing whitespace found." source="com.puppycrawl.tools.checkstyle.checks.regexp.RegexpSinglelineCheck"/>
<error line="147" severity="error" message="Trailing whitespace found." source="com.puppycrawl.tools.checkstyle.checks.regexp.RegexpSinglelineCheck"/>
<error line="150" severity="error" message="Trailing whitespace found." source="com.puppycrawl.tools.checkstyle.checks.regexp.RegexpSinglelineCheck"/>
<error line="158" column="10" severity="error" message="Name &apos;cancelledAlert_workflowTransitionsToCancelled&apos; must match pattern &apos;^[a-z][a-zA-Z0-9]*$&apos;." source="com.puppycrawl.tools.checkstyle.checks.naming.MethodNameCheck"/>
<error line="159" column="15" severity="error" message="Variable &apos;alert&apos; should be declared final." source="com.puppycrawl.tools.checkstyle.checks.coding.FinalLocalVariableCheck"/>
<error line="160" column="23" severity="error" message="Variable &apos;workflow&apos; should be declared final." source="com.puppycrawl.tools.checkstyle.checks.coding.FinalLocalVariableCheck"/>
<error line="161" severity="error" message="Trailing whitespace found." source="com.puppycrawl.tools.checkstyle.checks.regexp.RegexpSinglelineCheck"/>
<error line="164" severity="error" message="Trailing whitespace found." source="com.puppycrawl.tools.checkstyle.checks.regexp.RegexpSinglelineCheck"/>
<error line="171" column="10" severity="error" message="Name &apos;multipleAlerts_differentWorkflows&apos; must match pattern &apos;^[a-z][a-zA-Z0-9]*$&apos;." source="com.puppycrawl.tools.checkstyle.checks.naming.MethodNameCheck"/>
<error line="173" column="15" severity="error" message="Variable &apos;alert1&apos; should be declared final." source="com.puppycrawl.tools.checkstyle.checks.coding.FinalLocalVariableCheck"/>
<error line="174" column="15" severity="error" message="Variable &apos;alert2&apos; should be declared final." source="com.puppycrawl.tools.checkstyle.checks.coding.FinalLocalVariableCheck"/>
<error line="175" column="15" severity="error" message="Variable &apos;alert3&apos; should be declared final." source="com.puppycrawl.tools.checkstyle.checks.coding.FinalLocalVariableCheck"/>
<error line="176" severity="error" message="Trailing whitespace found." source="com.puppycrawl.tools.checkstyle.checks.regexp.RegexpSinglelineCheck"/>
<error line="182" severity="error" message="Trailing whitespace found." source="com.puppycrawl.tools.checkstyle.checks.regexp.RegexpSinglelineCheck"/>
<error line="186" severity="error" message="Trailing whitespace found." source="com.puppycrawl.tools.checkstyle.checks.regexp.RegexpSinglelineCheck"/>
<error line="189" severity="error" message="Trailing whitespace found." source="com.puppycrawl.tools.checkstyle.checks.regexp.RegexpSinglelineCheck"/>
<error line="195" column="10" severity="error" message="Name &apos;userPersistence_crudOperations&apos; must match pattern &apos;^[a-z][a-zA-Z0-9]*$&apos;." source="com.puppycrawl.tools.checkstyle.checks.naming.MethodNameCheck"/>
<error line="197" column="14" severity="error" message="Variable &apos;user1&apos; should be declared final." source="com.puppycrawl.tools.checkstyle.checks.coding.FinalLocalVariableCheck"/>
<error line="199" severity="error" message="Trailing whitespace found." source="com.puppycrawl.tools.checkstyle.checks.regexp.RegexpSinglelineCheck"/>
<error line="201" column="14" severity="error" message="Variable &apos;retrieved&apos; should be declared final." source="com.puppycrawl.tools.checkstyle.checks.coding.FinalLocalVariableCheck"/>
<error line="204" severity="error" message="Trailing whitespace found." source="com.puppycrawl.tools.checkstyle.checks.regexp.RegexpSinglelineCheck"/>
<error line="208" severity="error" message="Trailing whitespace found." source="com.puppycrawl.tools.checkstyle.checks.regexp.RegexpSinglelineCheck"/>
<error line="209" column="14" severity="error" message="Variable &apos;updated&apos; should be declared final." source="com.puppycrawl.tools.checkstyle.checks.coding.FinalLocalVariableCheck"/>
<error line="211" severity="error" message="Trailing whitespace found." source="com.puppycrawl.tools.checkstyle.checks.regexp.RegexpSinglelineCheck"/>
</file>
</checkstyle>
